2026-05-02 17:17:27,916 - INFO - ================================================================================
2026-05-02 17:17:27,916 - INFO - STARTING CHICAGO CRIME CLUSTERING PIPELINE
2026-05-02 17:17:27,916 - INFO - ================================================================================
2026-05-02 17:17:27,916 - INFO - STEP 1: Loading Chicago crime data...
2026-05-02 17:17:36,159 - INFO - ✓ Original dataset shape: (2752438, 22)
2026-05-02 17:17:36,159 - INFO - STEP 2: Cleaning and preprocessing data...
2026-05-02 17:18:40,478 - INFO - ✓ After cleaning shape: (500000, 25)
2026-05-02 17:18:47,080 - INFO - ✓ Cleaned data saved to data/processed/crime_cleaned.csv
2026-05-02 17:18:47,221 - INFO - STEP 3: Sampling 50,000 records for processing...
2026-05-02 17:18:48,404 - INFO - ✓ Sampled dataset shape: (500000, 25)
2026-05-02 17:18:48,405 - INFO - STEP 4: Selecting features for clustering...
2026-05-02 17:18:48,408 - INFO - ✓ Features selected: ['Latitude', 'Longitude', 'Hour', 'Month', 'DayOfWeek', 'IsWeekend', 'CrimeSeverity']
2026-05-02 17:18:48,408 - INFO - ✓ Feature matrix shape: (500000, 7)
2026-05-02 17:18:48,408 - INFO - STEP 5: Scaling features...
2026-05-02 17:18:48,431 - INFO - ✓ Features scaled successfully
2026-05-02 17:18:48,432 - INFO - STEP 6: Applying PCA for feature reduction...
2026-05-02 17:18:48,448 - INFO - ✓ PCA completed. Explained variance: 0.6187
2026-05-02 17:18:48,450 - INFO - ✓ Top 5 Important Features: [('CrimeSeverity', 0.2877121963649943), ('Longitude', 0.26626379955346424), ('Latitude', 0.23778018588387864), ('IsWeekend', 0.2376576057033151), ('DayOfWeek', 0.237081057224381)]
2026-05-02 17:18:48,455 - INFO - STEP 7: Training K-Means clustering models...
2026-05-02 17:18:48,718 - INFO -   Testing K-Means with K=3...
