2026-05-02 17:00:19,450 - INFO - ================================================================================
2026-05-02 17:00:19,451 - INFO - STARTING CHICAGO CRIME CLUSTERING PIPELINE
2026-05-02 17:00:19,451 - INFO - ================================================================================
2026-05-02 17:00:19,451 - INFO - STEP 1: Loading Chicago crime data...
2026-05-02 17:00:27,600 - INFO - ✓ Original dataset shape: (2752438, 22)
2026-05-02 17:00:27,601 - INFO - STEP 2: Cleaning and preprocessing data...
2026-05-02 17:01:31,184 - INFO - ✓ After cleaning shape: (500000, 25)
2026-05-02 17:01:37,792 - INFO - ✓ Cleaned data saved to data/processed/crime_cleaned.csv
2026-05-02 17:01:37,939 - INFO - STEP 3: Sampling 50,000 records for processing...
2026-05-02 17:01:39,153 - INFO - ✓ Sampled dataset shape: (500000, 25)
2026-05-02 17:01:39,153 - INFO - STEP 4: Selecting features for clustering...
2026-05-02 17:01:39,157 - INFO - ✓ Features selected: ['Latitude', 'Longitude', 'Hour', 'Month', 'DayOfWeek', 'IsWeekend', 'CrimeSeverity']
2026-05-02 17:01:39,157 - INFO - ✓ Feature matrix shape: (500000, 7)
2026-05-02 17:01:39,157 - INFO - STEP 5: Scaling features...
2026-05-02 17:01:39,180 - INFO - ✓ Features scaled successfully
2026-05-02 17:01:39,180 - INFO - STEP 6: Applying PCA for feature reduction...
2026-05-02 17:01:39,197 - INFO - ✓ PCA completed. Explained variance: 0.6187
2026-05-02 17:01:39,201 - INFO - ✓ Top 5 Important Features: [('CrimeSeverity', 0.2877121963649943), ('Longitude', 0.26626379955346424), ('Latitude', 0.23778018588387864), ('IsWeekend', 0.2376576057033151), ('DayOfWeek', 0.237081057224381)]
2026-05-02 17:01:39,251 - INFO - STEP 7: Training K-Means clustering models...
2026-05-02 17:01:39,365 - INFO -   Testing K-Means with K=3...
