2026-05-02 16:43:11,424 - INFO - ================================================================================
2026-05-02 16:43:11,424 - INFO - STARTING CHICAGO CRIME CLUSTERING PIPELINE
2026-05-02 16:43:11,424 - INFO - ================================================================================
2026-05-02 16:43:11,424 - INFO - STEP 1: Loading Chicago crime data...
2026-05-02 16:43:24,590 - INFO - ✓ Original dataset shape: (2752438, 22)
2026-05-02 16:43:24,591 - INFO - STEP 2: Cleaning and preprocessing data...
2026-05-02 16:44:29,629 - INFO - ✓ After cleaning shape: (500000, 25)
2026-05-02 16:44:36,095 - INFO - ✓ Cleaned data saved to data/processed/crime_cleaned.csv
2026-05-02 16:44:36,235 - INFO - STEP 3: Sampling 50,000 records for processing...
2026-05-02 16:44:37,469 - INFO - ✓ Sampled dataset shape: (50000, 25)
2026-05-02 16:44:37,469 - INFO - STEP 4: Selecting features for clustering...
2026-05-02 16:44:37,470 - INFO - ✓ Features selected: ['Latitude', 'Longitude', 'Hour', 'Month', 'DayOfWeek', 'IsWeekend', 'CrimeSeverity']
2026-05-02 16:44:37,470 - INFO - ✓ Feature matrix shape: (50000, 7)
2026-05-02 16:44:37,471 - INFO - STEP 5: Scaling features...
2026-05-02 16:44:37,474 - INFO - ✓ Features scaled successfully
2026-05-02 16:44:37,475 - INFO - STEP 6: Applying PCA for feature reduction...
2026-05-02 16:44:37,478 - INFO - ✓ PCA completed. Explained variance: 0.6210
2026-05-02 16:44:37,478 - INFO - ✓ Top 5 Important Features: [('Longitude', 0.25980929482680065), ('Month', 0.25619621304311385), ('Latitude', 0.2400963107484296), ('DayOfWeek', 0.23928599340188514), ('IsWeekend', 0.2386976225078977)]
2026-05-02 16:44:37,485 - INFO - STEP 7: Training K-Means clustering models...
2026-05-02 16:44:37,597 - INFO -   Testing K-Means with K=3...
2026-05-02 16:45:03,246 - INFO -   ✓ K=3: Silhouette=0.4303, Davies-Bouldin=0.8623
2026-05-02 16:45:03,259 - INFO -   Testing K-Means with K=4...
2026-05-02 16:45:27,352 - INFO -   ✓ K=4: Silhouette=0.4082, Davies-Bouldin=0.8591
2026-05-02 16:45:27,363 - INFO -   Testing K-Means with K=5...
2026-05-02 16:45:51,672 - INFO -   ✓ K=5: Silhouette=0.3966, Davies-Bouldin=0.8450
2026-05-02 16:45:51,700 - INFO -   Testing K-Means with K=6...
2026-05-02 16:46:15,560 - INFO -   ✓ K=6: Silhouette=0.3964, Davies-Bouldin=0.8327
2026-05-02 16:46:15,570 - INFO -   Testing K-Means with K=7...
2026-05-02 16:46:38,336 - INFO -   ✓ K=7: Silhouette=0.3927, Davies-Bouldin=0.8541
2026-05-02 16:46:38,345 - INFO -   Testing K-Means with K=8...
2026-05-02 16:47:01,470 - INFO -   ✓ K=8: Silhouette=0.3975, Davies-Bouldin=0.8089
2026-05-02 16:47:01,497 - INFO -   Testing K-Means with K=9...
2026-05-02 16:47:24,369 - INFO -   ✓ K=9: Silhouette=0.4005, Davies-Bouldin=0.8008
2026-05-02 16:47:24,379 - INFO -   Testing K-Means with K=10...
2026-05-02 16:47:47,217 - INFO -   ✓ K=10: Silhouette=0.4120, Davies-Bouldin=0.7727
2026-05-02 16:47:47,227 - INFO - ✓ Best K-Means: K=3, Score=0.4303
2026-05-02 16:47:47,227 - INFO - STEP 8: Training DBSCAN clustering...
2026-05-02 16:47:47,589 - INFO - ✓ DBSCAN: Silhouette=0.8953
2026-05-02 16:47:47,599 - INFO - STEP 9: Training Hierarchical clustering...
2026-05-02 16:49:08,886 - INFO - ✓ Hierarchical: Silhouette=0.3633
2026-05-02 16:49:08,896 - INFO - STEP 10: Saving clustering results...
2026-05-02 16:49:08,897 - ERROR - ❌ ERROR in training pipeline: name 'df' is not defined
Traceback (most recent call last):
  File "/content/drive/MyDrive/PatrolQ/src/train.py", line 175, in <module>
    "original_shape": str(df.shape),
                          ^^
NameError: name 'df' is not defined
