2026-05-02 17:31:17,863 - INFO - ================================================================================
2026-05-02 17:31:17,864 - INFO - STARTING CHICAGO CRIME CLUSTERING PIPELINE
2026-05-02 17:31:17,864 - INFO - ================================================================================
2026-05-02 17:31:17,864 - INFO - STEP 1: Loading Chicago crime data...
2026-05-02 17:31:25,973 - INFO - ✓ Original dataset shape: (2752438, 22)
2026-05-02 17:31:25,973 - INFO - STEP 2: Cleaning and preprocessing data...
2026-05-02 17:32:28,774 - INFO - ✓ After cleaning shape: (500000, 25)
2026-05-02 17:32:35,350 - INFO - ✓ Cleaned data saved to data/processed/crime_cleaned.csv
2026-05-02 17:32:35,494 - INFO - STEP 3: Sampling 50,000 records for processing...
2026-05-02 17:32:36,702 - INFO - ✓ Sampled dataset shape: (50000, 25)
2026-05-02 17:32:36,702 - INFO - STEP 4: Selecting features for clustering...
2026-05-02 17:32:36,703 - INFO - ✓ Features selected: ['Latitude', 'Longitude', 'Hour', 'Month', 'DayOfWeek', 'IsWeekend', 'CrimeSeverity']
2026-05-02 17:32:36,703 - INFO - ✓ Feature matrix shape: (50000, 7)
2026-05-02 17:32:36,703 - INFO - STEP 5: Scaling features...
2026-05-02 17:32:36,707 - INFO - ✓ Features scaled successfully
2026-05-02 17:32:36,707 - INFO - STEP 6: Applying PCA for feature reduction...
2026-05-02 17:32:36,710 - INFO - ✓ PCA completed. Explained variance: 0.6210
2026-05-02 17:32:36,710 - INFO - ✓ Top 5 Important Features: [('Longitude', 0.25980929482680065), ('Month', 0.25619621304311385), ('Latitude', 0.2400963107484296), ('DayOfWeek', 0.23928599340188514), ('IsWeekend', 0.2386976225078977)]
2026-05-02 17:32:36,714 - INFO - STEP 7: Training K-Means clustering models...
2026-05-02 17:32:36,728 - INFO -   Testing K-Means with K=3...
2026-05-02 17:33:01,601 - INFO -   ✓ K=3: Silhouette=0.4303, Davies-Bouldin=0.8623
2026-05-02 17:33:01,615 - INFO -   Testing K-Means with K=4...
2026-05-02 17:33:25,473 - INFO -   ✓ K=4: Silhouette=0.4082, Davies-Bouldin=0.8591
2026-05-02 17:33:25,486 - INFO -   Testing K-Means with K=5...
2026-05-02 17:33:49,695 - INFO -   ✓ K=5: Silhouette=0.3966, Davies-Bouldin=0.8450
2026-05-02 17:33:49,707 - INFO -   Testing K-Means with K=6...
2026-05-02 17:34:13,626 - INFO -   ✓ K=6: Silhouette=0.3964, Davies-Bouldin=0.8327
2026-05-02 17:34:13,638 - INFO -   Testing K-Means with K=7...
2026-05-02 17:34:36,965 - INFO -   ✓ K=7: Silhouette=0.3927, Davies-Bouldin=0.8541
2026-05-02 17:34:36,977 - INFO -   Testing K-Means with K=8...
2026-05-02 17:35:00,330 - INFO -   ✓ K=8: Silhouette=0.3975, Davies-Bouldin=0.8089
2026-05-02 17:35:00,342 - INFO -   Testing K-Means with K=9...
2026-05-02 17:35:23,462 - INFO -   ✓ K=9: Silhouette=0.4005, Davies-Bouldin=0.8008
2026-05-02 17:35:23,474 - INFO -   Testing K-Means with K=10...
2026-05-02 17:35:46,176 - INFO -   ✓ K=10: Silhouette=0.4120, Davies-Bouldin=0.7727
2026-05-02 17:35:46,210 - INFO - ✓ Best K-Means: K=3, Score=0.4303
2026-05-02 17:35:46,211 - INFO - STEP 8: Training DBSCAN clustering...
2026-05-02 17:35:46,578 - INFO - ✓ DBSCAN: Silhouette=0.8953
2026-05-02 17:35:46,590 - INFO - STEP 9: Training Hierarchical clustering...
2026-05-02 17:37:08,323 - INFO - ✓ Hierarchical: Silhouette=0.3633
2026-05-02 17:37:08,334 - INFO - STEP 10: Saving clustering results...
2026-05-02 17:37:08,337 - INFO - ✓ Results saved to outputs/clustering_results.json
2026-05-02 17:37:08,337 - INFO - STEP 11: Registering best model in MLflow...
2026-05-02 17:37:32,682 - INFO - ✓ Best model registered in MLflow
2026-05-02 17:37:32,695 - INFO - ================================================================================
2026-05-02 17:37:32,695 - INFO - ✓ PIPELINE COMPLETED SUCCESSFULLY!
2026-05-02 17:37:32,695 - INFO - ================================================================================
2026-05-02 17:37:32,696 - INFO - 
2026-05-02 17:37:32,696 - INFO - 📊 FILES CREATED:
2026-05-02 17:37:32,696 - INFO -   ✓ data/processed/crime_cleaned.csv
2026-05-02 17:37:32,696 - INFO -   ✓ outputs/clustering_results.json
2026-05-02 17:37:32,696 - INFO -   ✓ outputs/pca_results.json
2026-05-02 17:37:32,696 - INFO -   ✓ logs/training_*.log
2026-05-02 17:37:32,696 - INFO - 
2026-05-02 17:37:32,696 - INFO - 📊 NEXT STEPS:
2026-05-02 17:37:32,697 - INFO - 1. View MLflow experiments:
2026-05-02 17:37:32,697 - INFO -    mlflow ui
2026-05-02 17:37:32,697 - INFO - 
2026-05-02 17:37:32,697 - INFO - 2. Start Streamlit dashboard (in another terminal):
2026-05-02 17:37:32,697 - INFO -    streamlit run app/Home.py
2026-05-02 17:37:32,697 - INFO - 
2026-05-02 17:37:32,697 - INFO - ================================================================================
